<?xml version="1.0" encoding="UTF-8"?>
<testng-results skipped="0" failed="0" total="6" passed="6">
  <reporter-output>
  </reporter-output>
  <suite name="Default suite" duration-ms="295307" started-at="2017-05-21T20:38:26Z" finished-at="2017-05-21T20:43:21Z">
    <groups>
    </groups>
    <test name="Default test" duration-ms="295307" started-at="2017-05-21T20:38:26Z" finished-at="2017-05-21T20:43:21Z">
      <class name="SonicWall.Test.HomepageTest1">
        <test-method status="PASS" signature="HomePage_MAIN_Checking()[pri:0, instance:SonicWall.Test.HomepageTest1@28feb3fa]" name="HomePage_MAIN_Checking" duration-ms="69266" started-at="2017-05-21T16:38:26Z" finished-at="2017-05-21T16:39:35Z">
          <reporter-output>
          </reporter-output>
        </test-method> <!-- HomePage_MAIN_Checking -->
        <test-method status="PASS" signature="HomePage_MAIN_SearchButton_Checking()[pri:0, instance:SonicWall.Test.HomepageTest1@28feb3fa]" name="HomePage_MAIN_SearchButton_Checking" duration-ms="14898" started-at="2017-05-21T16:39:35Z" finished-at="2017-05-21T16:39:50Z">
          <reporter-output>
          </reporter-output>
        </test-method> <!-- HomePage_MAIN_SearchButton_Checking -->
        <test-method status="PASS" signature="HomePage_Form_SearchButton_Checking()[pri:0, instance:SonicWall.Test.HomepageTest1@28feb3fa]" name="HomePage_Form_SearchButton_Checking" duration-ms="12302" started-at="2017-05-21T16:39:50Z" finished-at="2017-05-21T16:40:02Z">
          <reporter-output>
          </reporter-output>
        </test-method> <!-- HomePage_Form_SearchButton_Checking -->
        <test-method status="PASS" signature="HomePage_AWARDS_Image_Checking()[pri:0, instance:SonicWall.Test.HomepageTest1@28feb3fa]" name="HomePage_AWARDS_Image_Checking" duration-ms="19315" started-at="2017-05-21T16:40:02Z" finished-at="2017-05-21T16:40:21Z">
          <reporter-output>
          </reporter-output>
        </test-method> <!-- HomePage_AWARDS_Image_Checking -->
        <test-method status="PASS" signature="HomePage_Recent_Posts_Checking()[pri:0, instance:SonicWall.Test.HomepageTest1@28feb3fa]" name="HomePage_Recent_Posts_Checking" duration-ms="51925" started-at="2017-05-21T16:40:21Z" finished-at="2017-05-21T16:41:13Z">
          <reporter-output>
          </reporter-output>
        </test-method> <!-- HomePage_Recent_Posts_Checking -->
        <test-method status="PASS" signature="HomePage_Categories_Checking()[pri:0, instance:SonicWall.Test.HomepageTest1@28feb3fa]" name="HomePage_Categories_Checking" duration-ms="127556" started-at="2017-05-21T16:41:13Z" finished-at="2017-05-21T16:43:21Z">
          <reporter-output>
          </reporter-output>
        </test-method> <!-- HomePage_Categories_Checking -->
      </class> <!-- SonicWall.Test.HomepageTest1 -->
    </test> <!-- Default test -->
  </suite> <!-- Default suite -->
</testng-results>
